<?xml version="1.0" encoding="UTF-8"?>
<!-- Generated by org.testng.reporters.JUnitReportReporter -->
<testsuite hostname="hp" name="tests.LoginTest" tests="1" failures="0" timestamp="16 Jan 2023 16:53:26 GMT" time="9.015" errors="0">
  <testcase name="loginTest" time="9.015" classname="tests.LoginTest"/>
</testsuite> <!-- tests.LoginTest -->
