<?xml version="1.0" encoding="UTF-8"?>
<!-- Generated by org.testng.reporters.JUnitReportReporter -->
<testsuite hostname="hp" name="com.htc.xcelldatadriven.method.ReadPropertyFile" tests="1" failures="0" timestamp="15 Jan 2023 15:57:59 GMT" time="0.010" errors="0">
  <testcase name="readPropert" time="0.010" classname="com.htc.xcelldatadriven.method.ReadPropertyFile"/>
</testsuite> <!-- com.htc.xcelldatadriven.method.ReadPropertyFile -->
