<?xml version="1.0" encoding="UTF-8"?>
<!-- Generated by org.testng.reporters.JUnitReportReporter -->
<testsuite hostname="hp" name="com.htc.xcelldatadriven.method.DataDrivenDemo" tests="1" failures="0" timestamp="15 Jan 2023 07:26:24 GMT" time="0.015" errors="0">
  <testcase name="readExcelData" time="0.015" classname="com.htc.xcelldatadriven.method.DataDrivenDemo"/>
</testsuite> <!-- com.htc.xcelldatadriven.method.DataDrivenDemo -->
