<?xml version="1.0" encoding="UTF-8"?>
<!-- Generated by org.testng.reporters.JUnitReportReporter -->
<testsuite hostname="hp" name="runner.TestRunner" tests="1" failures="0" timestamp="29 Jan 2023 08:06:01 GMT" time="11.499" errors="0">
  <testcase name="runScenario" time="11.499" classname="runner.TestRunner"/>
</testsuite> <!-- runner.TestRunner -->
