<?xml version="1.0" encoding="UTF-8"?>
<!-- Generated by org.testng.reporters.JUnitReportReporter -->
<testsuite hostname="hp" name="tests.LoginTest" tests="1" failures="0" timestamp="17 Jan 2023 17:47:44 GMT" time="2.578" errors="0">
  <testcase name="loginTest" time="2.578" classname="tests.LoginTest"/>
</testsuite> <!-- tests.LoginTest -->
