<?xml version="1.0" encoding="UTF-8"?>
<!-- Generated by org.testng.reporters.JUnitReportReporter -->
<testsuite hostname="hp" name="com.htc.xcelldatadriven.method.DataDrivenDemoSetValueEcxel" tests="2" failures="0" timestamp="15 Jan 2023 08:02:52 GMT" time="1.320" errors="0">
  <testcase name="writeExcelTest1" time="0.128" classname="com.htc.xcelldatadriven.method.DataDrivenDemoSetValueEcxel"/>
  <testcase name="writeExcelTest" time="1.192" classname="com.htc.xcelldatadriven.method.DataDrivenDemoSetValueEcxel"/>
</testsuite> <!-- com.htc.xcelldatadriven.method.DataDrivenDemoSetValueEcxel -->
