<?xml version="1.0" encoding="UTF-8"?>
<!-- Generated by org.testng.reporters.JUnitReportReporter -->
<testsuite hostname="hp" name="runner.TestRunner" tests="1" failures="0" timestamp="1 Feb 2023 16:38:58 GMT" time="17.080" errors="0">
  <testcase name="runScenario" time="17.080" classname="runner.TestRunner"/>
</testsuite> <!-- runner.TestRunner -->
