<?xml version="1.0" encoding="UTF-8"?>
<!-- Generated by org.testng.reporters.JUnitReportReporter -->
<testsuite hostname="hp" name="tests.RegistrationTest" tests="1" failures="0" timestamp="17 Jan 2023 18:24:38 GMT" time="2.206" errors="0">
  <testcase name="RegistrationTest" time="2.206" classname="tests.RegistrationTest"/>
</testsuite> <!-- tests.RegistrationTest -->
