<?xml version="1.0" encoding="UTF-8"?>
<!-- Generated by org.testng.reporters.JUnitReportReporter -->
<testsuite hostname="hp" name="tests.RegistrationTest" tests="1" failures="0" timestamp="22 Jan 2023 11:00:53 GMT" time="2.203" errors="0">
  <testcase name="doRegistrationTest" time="2.203" classname="tests.RegistrationTest"/>
</testsuite> <!-- tests.RegistrationTest -->
